D:\BIBLIOTHèQUE\DOCUMENTS\VISUAL STUDIO 2012\PROJECTS\RAYTRACER\RAYTRACER\DEBUG\MODEL.OBJ
D:\BIBLIOTHÈQUE\DOCUMENTS\VISUAL STUDIO 2012\PROJECTS\RAYTRACER\RAYTRACER\DEBUG\VC110.PDB
D:\BIBLIOTHèQUE\DOCUMENTS\VISUAL STUDIO 2012\PROJECTS\RAYTRACER\DEBUG\RAYTRACER.ILK
D:\BIBLIOTHèQUE\DOCUMENTS\VISUAL STUDIO 2012\PROJECTS\RAYTRACER\DEBUG\RAYTRACER.EXE
D:\BIBLIOTHÈQUE\DOCUMENTS\VISUAL STUDIO 2012\PROJECTS\RAYTRACER\DEBUG\RAYTRACER.PDB
d:\bibliothèque\documents\visual studio 2012\Projects\Raytracer\Raytracer\Debug\kernel.cu.cache
d:\bibliothèque\documents\visual studio 2012\Projects\Raytracer\Raytracer\Debug\misc.cu.cache
d:\bibliothèque\documents\visual studio 2012\Projects\Raytracer\Raytracer\Debug\kernel.cu.obj
d:\bibliothèque\documents\visual studio 2012\Projects\Raytracer\Raytracer\Debug\misc.cu.obj
d:\bibliothèque\documents\visual studio 2012\Projects\Raytracer\Raytracer\Debug\Model.obj
d:\bibliothèque\documents\visual studio 2012\Projects\Raytracer\Raytracer\Debug\cl.command.1.tlog
d:\bibliothèque\documents\visual studio 2012\Projects\Raytracer\Raytracer\Debug\CL.read.1.tlog
d:\bibliothèque\documents\visual studio 2012\Projects\Raytracer\Raytracer\Debug\CL.write.1.tlog
d:\bibliothèque\documents\visual studio 2012\Projects\Raytracer\Raytracer\Debug\link-cvtres.read.1.tlog
d:\bibliothèque\documents\visual studio 2012\Projects\Raytracer\Raytracer\Debug\link-cvtres.write.1.tlog
d:\bibliothèque\documents\visual studio 2012\Projects\Raytracer\Raytracer\Debug\link-rc.read.1.tlog
d:\bibliothèque\documents\visual studio 2012\Projects\Raytracer\Raytracer\Debug\link-rc.write.1.tlog
d:\bibliothèque\documents\visual studio 2012\Projects\Raytracer\Raytracer\Debug\link.command.1.tlog
d:\bibliothèque\documents\visual studio 2012\Projects\Raytracer\Raytracer\Debug\link.read.1.tlog
d:\bibliothèque\documents\visual studio 2012\Projects\Raytracer\Raytracer\Debug\link.write.1.tlog
d:\bibliothèque\documents\visual studio 2012\Projects\Raytracer\Raytracer\Debug\vc110.idb
d:\bibliothèque\documents\visual studio 2012\Projects\Raytracer\Raytracer\Debug\vc110.pdb
d:\bibliothèque\documents\visual studio 2012\Projects\Raytracer\Debug\Raytracer.pdb
d:\bibliothèque\documents\visual studio 2012\Projects\Raytracer\Debug\Raytracer.exe
d:\bibliothèque\documents\visual studio 2012\Projects\Raytracer\Debug\Raytracer.ilk
